Determining if the pthread_create exist failed with the following output:
Change Dir: /home/mfikih15/obslam_vehicle/build/CMakeFiles/CMakeTmp

Run Build Command:"/usr/bin/make" "cmTC_76e9d/fast"
/usr/bin/make -f CMakeFiles/cmTC_76e9d.dir/build.make CMakeFiles/cmTC_76e9d.dir/build
make[1]: Entering directory '/home/mfikih15/obslam_vehicle/build/CMakeFiles/CMakeTmp'
Building C object CMakeFiles/cmTC_76e9d.dir/CheckSymbolExists.c.o
/usr/bin/cc    -o CMakeFiles/cmTC_76e9d.dir/CheckSymbolExists.c.o   -c /home/mfikih15/obslam_vehicle/build/CMakeFiles/CMakeTmp/CheckSymbolExists.c
Linking C executable cmTC_76e9d
/usr/bin/cmake -E cmake_link_script CMakeFiles/cmTC_76e9d.dir/link.txt --verbose=1
/usr/bin/cc      -rdynamic CMakeFiles/cmTC_76e9d.dir/CheckSymbolExists.c.o  -o cmTC_76e9d 
CMakeFiles/cmTC_76e9d.dir/CheckSymbolExists.c.o: In function `main':
CheckSymbolExists.c:(.text+0x1b): undefined reference to `pthread_create'
collect2: error: ld returned 1 exit status
CMakeFiles/cmTC_76e9d.dir/build.make:97: recipe for target 'cmTC_76e9d' failed
make[1]: *** [cmTC_76e9d] Error 1
make[1]: Leaving directory '/home/mfikih15/obslam_vehicle/build/CMakeFiles/CMakeTmp'
Makefile:126: recipe for target 'cmTC_76e9d/fast' failed
make: *** [cmTC_76e9d/fast] Error 2

File /home/mfikih15/obslam_vehicle/build/CMakeFiles/CMakeTmp/CheckSymbolExists.c:
/* */
#include <pthread.h>

int main(int argc, char** argv)
{
  (void)argv;
#ifndef pthread_create
  return ((int*)(&pthread_create))[argc];
#else
  (void)argc;
  return 0;
#endif
}

Determining if the function pthread_create exists in the pthreads failed with the following output:
Change Dir: /home/mfikih15/obslam_vehicle/build/CMakeFiles/CMakeTmp

Run Build Command:"/usr/bin/make" "cmTC_8ad1c/fast"
/usr/bin/make -f CMakeFiles/cmTC_8ad1c.dir/build.make CMakeFiles/cmTC_8ad1c.dir/build
make[1]: Entering directory '/home/mfikih15/obslam_vehicle/build/CMakeFiles/CMakeTmp'
Building C object CMakeFiles/cmTC_8ad1c.dir/CheckFunctionExists.c.o
/usr/bin/cc   -DCHECK_FUNCTION_EXISTS=pthread_create   -o CMakeFiles/cmTC_8ad1c.dir/CheckFunctionExists.c.o   -c /usr/share/cmake-3.10/Modules/CheckFunctionExists.c
Linking C executable cmTC_8ad1c
/usr/bin/cmake -E cmake_link_script CMakeFiles/cmTC_8ad1c.dir/link.txt --verbose=1
/usr/bin/cc  -DCHECK_FUNCTION_EXISTS=pthread_create    -rdynamic CMakeFiles/cmTC_8ad1c.dir/CheckFunctionExists.c.o  -o cmTC_8ad1c -lpthreads 
/usr/bin/ld: cannot find -lpthreads
collect2: error: ld returned 1 exit status
CMakeFiles/cmTC_8ad1c.dir/build.make:97: recipe for target 'cmTC_8ad1c' failed
make[1]: *** [cmTC_8ad1c] Error 1
make[1]: Leaving directory '/home/mfikih15/obslam_vehicle/build/CMakeFiles/CMakeTmp'
Makefile:126: recipe for target 'cmTC_8ad1c/fast' failed
make: *** [cmTC_8ad1c/fast] Error 2


Determining if the Q_WS_WIN exist failed with the following output:
Change Dir: /home/mfikih15/obslam_vehicle/build/CMakeFiles/CMakeTmp

Run Build Command:"/usr/bin/make" "cmTC_7ca94/fast"
/usr/bin/make -f CMakeFiles/cmTC_7ca94.dir/build.make CMakeFiles/cmTC_7ca94.dir/build
make[1]: Entering directory '/home/mfikih15/obslam_vehicle/build/CMakeFiles/CMakeTmp'
Building CXX object CMakeFiles/cmTC_7ca94.dir/CheckSymbolExists.cxx.o
/usr/bin/c++   -I/usr/include/qt4   -o CMakeFiles/cmTC_7ca94.dir/CheckSymbolExists.cxx.o -c /home/mfikih15/obslam_vehicle/build/CMakeFiles/CMakeTmp/CheckSymbolExists.cxx
/home/mfikih15/obslam_vehicle/build/CMakeFiles/CMakeTmp/CheckSymbolExists.cxx: In function ‘int main(int, char**)’:
/home/mfikih15/obslam_vehicle/build/CMakeFiles/CMakeTmp/CheckSymbolExists.cxx:8:19: error: ‘Q_WS_WIN’ was not declared in this scope
   return ((int*)(&Q_WS_WIN))[argc];
                   ^~~~~~~~
/home/mfikih15/obslam_vehicle/build/CMakeFiles/CMakeTmp/CheckSymbolExists.cxx:8:19: note: suggested alternative: ‘Q_WS_X11’
   return ((int*)(&Q_WS_WIN))[argc];
                   ^~~~~~~~
                   Q_WS_X11
CMakeFiles/cmTC_7ca94.dir/build.make:65: recipe for target 'CMakeFiles/cmTC_7ca94.dir/CheckSymbolExists.cxx.o' failed
make[1]: *** [CMakeFiles/cmTC_7ca94.dir/CheckSymbolExists.cxx.o] Error 1
make[1]: Leaving directory '/home/mfikih15/obslam_vehicle/build/CMakeFiles/CMakeTmp'
Makefile:126: recipe for target 'cmTC_7ca94/fast' failed
make: *** [cmTC_7ca94/fast] Error 2

File /home/mfikih15/obslam_vehicle/build/CMakeFiles/CMakeTmp/CheckSymbolExists.cxx:
/* */
#include <QtCore/qglobal.h>

int main(int argc, char** argv)
{
  (void)argv;
#ifndef Q_WS_WIN
  return ((int*)(&Q_WS_WIN))[argc];
#else
  (void)argc;
  return 0;
#endif
}

Determining if the Q_WS_QWS exist failed with the following output:
Change Dir: /home/mfikih15/obslam_vehicle/build/CMakeFiles/CMakeTmp

Run Build Command:"/usr/bin/make" "cmTC_efcba/fast"
/usr/bin/make -f CMakeFiles/cmTC_efcba.dir/build.make CMakeFiles/cmTC_efcba.dir/build
make[1]: Entering directory '/home/mfikih15/obslam_vehicle/build/CMakeFiles/CMakeTmp'
Building CXX object CMakeFiles/cmTC_efcba.dir/CheckSymbolExists.cxx.o
/usr/bin/c++   -I/usr/include/qt4   -o CMakeFiles/cmTC_efcba.dir/CheckSymbolExists.cxx.o -c /home/mfikih15/obslam_vehicle/build/CMakeFiles/CMakeTmp/CheckSymbolExists.cxx
/home/mfikih15/obslam_vehicle/build/CMakeFiles/CMakeTmp/CheckSymbolExists.cxx: In function ‘int main(int, char**)’:
/home/mfikih15/obslam_vehicle/build/CMakeFiles/CMakeTmp/CheckSymbolExists.cxx:8:19: error: ‘Q_WS_QWS’ was not declared in this scope
   return ((int*)(&Q_WS_QWS))[argc];
                   ^~~~~~~~
/home/mfikih15/obslam_vehicle/build/CMakeFiles/CMakeTmp/CheckSymbolExists.cxx:8:19: note: suggested alternative: ‘Q_WS_X11’
   return ((int*)(&Q_WS_QWS))[argc];
                   ^~~~~~~~
                   Q_WS_X11
CMakeFiles/cmTC_efcba.dir/build.make:65: recipe for target 'CMakeFiles/cmTC_efcba.dir/CheckSymbolExists.cxx.o' failed
make[1]: *** [CMakeFiles/cmTC_efcba.dir/CheckSymbolExists.cxx.o] Error 1
make[1]: Leaving directory '/home/mfikih15/obslam_vehicle/build/CMakeFiles/CMakeTmp'
Makefile:126: recipe for target 'cmTC_efcba/fast' failed
make: *** [cmTC_efcba/fast] Error 2

File /home/mfikih15/obslam_vehicle/build/CMakeFiles/CMakeTmp/CheckSymbolExists.cxx:
/* */
#include <QtCore/qglobal.h>

int main(int argc, char** argv)
{
  (void)argv;
#ifndef Q_WS_QWS
  return ((int*)(&Q_WS_QWS))[argc];
#else
  (void)argc;
  return 0;
#endif
}

Determining if the Q_WS_MAC exist failed with the following output:
Change Dir: /home/mfikih15/obslam_vehicle/build/CMakeFiles/CMakeTmp

Run Build Command:"/usr/bin/make" "cmTC_19fab/fast"
/usr/bin/make -f CMakeFiles/cmTC_19fab.dir/build.make CMakeFiles/cmTC_19fab.dir/build
make[1]: Entering directory '/home/mfikih15/obslam_vehicle/build/CMakeFiles/CMakeTmp'
Building CXX object CMakeFiles/cmTC_19fab.dir/CheckSymbolExists.cxx.o
/usr/bin/c++   -I/usr/include/qt4   -o CMakeFiles/cmTC_19fab.dir/CheckSymbolExists.cxx.o -c /home/mfikih15/obslam_vehicle/build/CMakeFiles/CMakeTmp/CheckSymbolExists.cxx
/home/mfikih15/obslam_vehicle/build/CMakeFiles/CMakeTmp/CheckSymbolExists.cxx: In function ‘int main(int, char**)’:
/home/mfikih15/obslam_vehicle/build/CMakeFiles/CMakeTmp/CheckSymbolExists.cxx:8:19: error: ‘Q_WS_MAC’ was not declared in this scope
   return ((int*)(&Q_WS_MAC))[argc];
                   ^~~~~~~~
/home/mfikih15/obslam_vehicle/build/CMakeFiles/CMakeTmp/CheckSymbolExists.cxx:8:19: note: suggested alternative: ‘Q_WS_X11’
   return ((int*)(&Q_WS_MAC))[argc];
                   ^~~~~~~~
                   Q_WS_X11
CMakeFiles/cmTC_19fab.dir/build.make:65: recipe for target 'CMakeFiles/cmTC_19fab.dir/CheckSymbolExists.cxx.o' failed
make[1]: *** [CMakeFiles/cmTC_19fab.dir/CheckSymbolExists.cxx.o] Error 1
make[1]: Leaving directory '/home/mfikih15/obslam_vehicle/build/CMakeFiles/CMakeTmp'
Makefile:126: recipe for target 'cmTC_19fab/fast' failed
make: *** [cmTC_19fab/fast] Error 2

File /home/mfikih15/obslam_vehicle/build/CMakeFiles/CMakeTmp/CheckSymbolExists.cxx:
/* */
#include <QtCore/qglobal.h>

int main(int argc, char** argv)
{
  (void)argv;
#ifndef Q_WS_MAC
  return ((int*)(&Q_WS_MAC))[argc];
#else
  (void)argc;
  return 0;
#endif
}

